<?xml version="1.0" encoding="UTF-8"?>
<testsuite name="com.leui9179.book.springboot.web.IndexControllerTest" tests="0" skipped="0" failures="0" errors="0" timestamp="1970-01-01T00:00:00" hostname="leui" time="0.0">
  <properties/>
  <system-out><![CDATA[02:50:57.828 [Test worker] DEBUG org.springframework.test.context.junit4.SpringJUnit4ClassRunner - SpringJUnit4ClassRunner constructor called with [class com.leui9179.book.springboot.web.IndexControllerTest]
02:50:57.833 [Test worker] DEBUG org.springframework.test.context.BootstrapUtils - Instantiating CacheAwareContextLoaderDelegate from class [org.springframework.test.context.cache.DefaultCacheAwareContextLoaderDelegate]
02:50:57.842 [Test worker] DEBUG org.springframework.test.context.BootstrapUtils - Instantiating BootstrapContext using constructor [public org.springframework.test.context.support.DefaultBootstrapContext(java.lang.Class,org.springframework.test.context.CacheAwareContextLoaderDelegate)]
02:50:57.866 [Test worker] DEBUG org.springframework.test.context.BootstrapUtils - Instantiating TestContextBootstrapper for test class [com.leui9179.book.springboot.web.IndexControllerTest] from class [org.springframework.boot.test.context.SpringBootTestContextBootstrapper]
02:50:57.874 [Test worker] INFO org.springframework.boot.test.context.SpringBootTestContextBootstrapper - Neither @ContextConfiguration nor @ContextHierarchy found for test class [com.leui9179.book.springboot.web.IndexControllerTest], using SpringBootContextLoader
02:50:57.877 [Test worker] DEBUG org.springframework.test.context.support.AbstractContextLoader - Did not detect default resource location for test class [com.leui9179.book.springboot.web.IndexControllerTest]: class path resource [com/leui9179/book/springboot/web/IndexControllerTest-context.xml] does not exist
02:50:57.877 [Test worker] DEBUG org.springframework.test.context.support.AbstractContextLoader - Did not detect default resource location for test class [com.leui9179.book.springboot.web.IndexControllerTest]: class path resource [com/leui9179/book/springboot/web/IndexControllerTestContext.groovy] does not exist
02:50:57.878 [Test worker] INFO org.springframework.test.context.support.AbstractContextLoader - Could not detect default resource locations for test class [com.leui9179.book.springboot.web.IndexControllerTest]: no resource found for suffixes {-context.xml, Context.groovy}.
02:50:57.879 [Test worker] INFO org.springframework.test.context.support.AnnotationConfigContextLoaderUtils - Could not detect default configuration classes for test class [com.leui9179.book.springboot.web.IndexControllerTest]: IndexControllerTest does not declare any static, non-private, non-final, nested classes annotated with @Configuration.
02:50:57.909 [Test worker] DEBUG org.springframework.test.context.support.ActiveProfilesUtils - Could not find an 'annotation declaring class' for annotation type [org.springframework.test.context.ActiveProfiles] and class [com.leui9179.book.springboot.web.IndexControllerTest]
]]></system-out>
  <system-err><![CDATA[]]></system-err>
</testsuite>
